# JRE version: Java(TM) SE Runtime Environment (8.0_05-b13) (build 1.8.0_05-b13)
# Java VM: Java HotSpot(TM) 64-Bit Server VM (25.5-b02 mixed mode windows-amd64 compressed oops)
Heap:
 PSYoungGen      total 54272K, used 31274K [0x00000000d5f00000, 0x00000000d9780000, 0x0000000100000000)
  eden space 52224K, 56% used [0x00000000d5f00000,0x00000000d7bb7b90,0x00000000d9200000)
  from space 2048K, 91% used [0x00000000d9480000,0x00000000d9652e10,0x00000000d9680000)
  to   space 2560K, 0% used [0x00000000d9200000,0x00000000d9200000,0x00000000d9480000)
 ParOldGen       total 129536K, used 85176K [0x0000000081c00000, 0x0000000089a80000, 0x00000000d5f00000)
  object space 129536K, 65% used [0x0000000081c00000,0x0000000086f2e2f8,0x0000000089a80000)
 Metaspace       used 15444K, capacity 15772K, committed 16128K, reserved 1062912K
  class space    used 1849K, capacity 1931K, committed 2048K, reserved 1048576K
GC Heap History (10 events):
Event: 2.798 GC heap before
{Heap before GC invocations=12 (full 0):
 PSYoungGen      total 14336K, used 12928K [0x00000000d5f00000, 0x00000000d7600000, 0x0000000100000000)
  eden space 12800K, 100% used [0x00000000d5f00000,0x00000000d6b80000,0x00000000d6b80000)
  from space 1536K, 8% used [0x00000000d6b80000,0x00000000d6ba0000,0x00000000d6d00000)
  to   space 1536K, 0% used [0x00000000d7480000,0x00000000d7480000,0x00000000d7600000)
 ParOldGen       total 129536K, used 28389K [0x0000000081c00000, 0x0000000089a80000, 0x00000000d5f00000)
  object space 129536K, 21% used [0x0000000081c00000,0x00000000837b96e8,0x0000000089a80000)
 Metaspace       used 11136K, capacity 11446K, committed 11776K, reserved 1058816K
  class space    used 1307K, capacity 1410K, committed 1536K, reserved 1048576K
Event: 2.799 GC heap after
Heap after GC invocations=12 (full 0):
 PSYoungGen      total 22016K, used 128K [0x00000000d5f00000, 0x00000000d7600000, 0x0000000100000000)
  eden space 20480K, 0% used [0x00000000d5f00000,0x00000000d5f00000,0x00000000d7300000)
  from space 1536K, 8% used [0x00000000d7480000,0x00000000d74a0000,0x00000000d7600000)
  to   space 1536K, 0% used [0x00000000d7300000,0x00000000d7300000,0x00000000d7480000)
 ParOldGen       total 129536K, used 28429K [0x0000000081c00000, 0x0000000089a80000, 0x00000000d5f00000)
  object space 129536K, 21% used [0x0000000081c00000,0x00000000837c36e8,0x0000000089a80000)
 Metaspace       used 11136K, capacity 11446K, committed 11776K, reserved 1058816K
  class space    used 1307K, capacity 1410K, committed 1536K, reserved 1048576K
}
Event: 2.869 GC heap before
{Heap before GC invocations=13 (full 0):
 PSYoungGen      total 22016K, used 20608K [0x00000000d5f00000, 0x00000000d7600000, 0x0000000100000000)
  eden space 20480K, 100% used [0x00000000d5f00000,0x00000000d7300000,0x00000000d7300000)
  from space 1536K, 8% used [0x00000000d7480000,0x00000000d74a0000,0x00000000d7600000)
  to   space 1536K, 0% used [0x00000000d7300000,0x00000000d7300000,0x00000000d7480000)
 ParOldGen       total 129536K, used 28429K [0x0000000081c00000, 0x0000000089a80000, 0x00000000d5f00000)
  object space 129536K, 21% used [0x0000000081c00000,0x00000000837c36e8,0x0000000089a80000)
 Metaspace       used 11138K, capacity 11446K, committed 11776K, reserved 1058816K
  class space    used 1307K, capacity 1410K, committed 1536K, reserved 1048576K
Event: 2.877 GC heap after
Heap after GC invocations=13 (full 0):
 PSYoungGen      total 22016K, used 128K [0x00000000d5f00000, 0x00000000d8200000, 0x0000000100000000)
  eden space 20480K, 0% used [0x00000000d5f00000,0x00000000d5f00000,0x00000000d7300000)
  from space 1536K, 8% used [0x00000000d7300000,0x00000000d7320000,0x00000000d7480000)
  to   space 1536K, 0% used [0x00000000d8080000,0x00000000d8080000,0x00000000d8200000)
 ParOldGen       total 129536K, used 67743K [0x0000000081c00000, 0x0000000089a80000, 0x00000000d5f00000)
  object space 129536K, 52% used [0x0000000081c00000,0x0000000085e27c30,0x0000000089a80000)
 Metaspace       used 11138K, capacity 11446K, committed 11776K, reserved 1058816K
  class space    used 1307K, capacity 1410K, committed 1536K, reserved 1048576K
}
Event: 3.058 GC heap before
{Heap before GC invocations=14 (full 0):
 PSYoungGen      total 22016K, used 20608K [0x00000000d5f00000, 0x00000000d8200000, 0x0000000100000000)
  eden space 20480K, 100% used [0x00000000d5f00000,0x00000000d7300000,0x00000000d7300000)
  from space 1536K, 8% used [0x00000000d7300000,0x00000000d7320000,0x00000000d7480000)
  to   space 1536K, 0% used [0x00000000d8080000,0x00000000d8080000,0x00000000d8200000)
 ParOldGen       total 129536K, used 80844K [0x0000000081c00000, 0x0000000089a80000, 0x00000000d5f00000)
  object space 129536K, 62% used [0x0000000081c00000,0x0000000086af3348,0x0000000089a80000)
 Metaspace       used 11138K, capacity 11446K, committed 11776K, reserved 1058816K
  class space    used 1307K, capacity 1410K, committed 1536K, reserved 1048576K
Event: 3.060 GC heap after
Heap after GC invocations=14 (full 0):
 PSYoungGen      total 34304K, used 64K [0x00000000d5f00000, 0x00000000d8200000, 0x0000000100000000)
  eden space 32768K, 0% used [0x00000000d5f00000,0x00000000d5f00000,0x00000000d7f00000)
  from space 1536K, 4% used [0x00000000d8080000,0x00000000d8090000,0x00000000d8200000)
  to   space 1536K, 0% used [0x00000000d7f00000,0x00000000d7f00000,0x00000000d8080000)
 ParOldGen       total 129536K, used 80852K [0x0000000081c00000, 0x0000000089a80000, 0x00000000d5f00000)
  object space 129536K, 62% used [0x0000000081c00000,0x0000000086af5348,0x0000000089a80000)
 Metaspace       used 11138K, capacity 11446K, committed 11776K, reserved 1058816K
  class space    used 1307K, capacity 1410K, committed 1536K, reserved 1048576K
}
Event: 5.183 GC heap before
{Heap before GC invocations=15 (full 0):
 PSYoungGen      total 34304K, used 32832K [0x00000000d5f00000, 0x00000000d8200000, 0x0000000100000000)
  eden space 32768K, 100% used [0x00000000d5f00000,0x00000000d7f00000,0x00000000d7f00000)
  from space 1536K, 4% used [0x00000000d8080000,0x00000000d8090000,0x00000000d8200000)
  to   space 1536K, 0% used [0x00000000d7f00000,0x00000000d7f00000,0x00000000d8080000)
 ParOldGen       total 129536K, used 80852K [0x0000000081c00000, 0x0000000089a80000, 0x00000000d5f00000)
  object space 129536K, 62% used [0x0000000081c00000,0x0000000086af5348,0x0000000089a80000)
 Metaspace       used 14679K, capacity 14934K, committed 15232K, reserved 1062912K
  class space    used 1733K, capacity 1800K, committed 1920K, reserved 1048576K
Event: 5.185 GC heap after
Heap after GC invocations=15 (full 0):
 PSYoungGen      total 34304K, used 1504K [0x00000000d5f00000, 0x00000000d9680000, 0x0000000100000000)
  eden space 32768K, 0% used [0x00000000d5f00000,0x00000000d5f00000,0x00000000d7f00000)
  from space 1536K, 97% used [0x00000000d7f00000,0x00000000d80783a0,0x00000000d8080000)
  to   space 2048K, 0% used [0x00000000d9480000,0x00000000d9480000,0x00000000d9680000)
 ParOldGen       total 129536K, used 81597K [0x0000000081c00000, 0x0000000089a80000, 0x00000000d5f00000)
  object space 129536K, 62% used [0x0000000081c00000,0x0000000086baf418,0x0000000089a80000)
 Metaspace       used 14679K, capacity 14934K, committed 15232K, reserved 1062912K
  class space    used 1733K, capacity 1800K, committed 1920K, reserved 1048576K
}
Event: 6.126 GC heap before
{Heap before GC invocations=16 (full 0):
 PSYoungGen      total 34304K, used 24283K [0x00000000d5f00000, 0x00000000d9680000, 0x0000000100000000)
  eden space 32768K, 69% used [0x00000000d5f00000,0x00000000d753ec50,0x00000000d7f00000)
  from space 1536K, 97% used [0x00000000d7f00000,0x00000000d80783a0,0x00000000d8080000)
  to   space 2048K, 0% used [0x00000000d9480000,0x00000000d9480000,0x00000000d9680000)
 ParOldGen       total 129536K, used 81597K [0x0000000081c00000, 0x0000000089a80000, 0x00000000d5f00000)
  object space 129536K, 62% used [0x0000000081c00000,0x0000000086baf418,0x0000000089a80000)
 Metaspace       used 15374K, capacity 15708K, committed 16128K, reserved 1062912K
  class space    used 1840K, capacity 1931K, committed 2048K, reserved 1048576K
Event: 6.131 GC heap after
Heap after GC invocations=16 (full 0):
 PSYoungGen      total 54272K, used 1867K [0x00000000d5f00000, 0x00000000d9780000, 0x0000000100000000)
  eden space 52224K, 0% used [0x00000000d5f00000,0x00000000d5f00000,0x00000000d9200000)
  from space 2048K, 91% used [0x00000000d9480000,0x00000000d9652e10,0x00000000d9680000)
  to   space 2560K, 0% used [0x00000000d9200000,0x00000000d9200000,0x00000000d9480000)
 ParOldGen       total 129536K, used 85176K [0x0000000081c00000, 0x0000000089a80000, 0x00000000d5f00000)
  object space 129536K, 65% used [0x0000000081c00000,0x0000000086f2e2f8,0x0000000089a80000)
 Metaspace       used 15374K, capacity 15708K, committed 16128K, reserved 1062912K
  class space    used 1840K, capacity 1931K, committed 2048K, reserved 1048576K
}

